TN:
SF:DatabaseAuth.js
FNF:0
FNH:0
DA:1,1
DA:2,1
DA:3,1
DA:4,1
DA:5,1
DA:6,1
DA:7,1
DA:8,1
DA:9,1
DA:10,1
DA:11,1
LF:11
LH:11
BRF:0
BRH:0
end_of_record
TN:
SF:server.js
FNF:0
FNH:0
DA:1,1
DA:2,1
DA:3,1
DA:4,1
DA:5,1
DA:6,1
DA:7,1
DA:8,1
DA:9,1
DA:10,1
DA:11,1
DA:12,1
DA:13,1
DA:14,1
DA:15,1
DA:16,1
DA:17,1
DA:18,1
DA:19,1
DA:20,1
DA:21,1
DA:22,1
LF:22
LH:22
BRDA:18,0,0,1
BRF:1
BRH:1
end_of_record
TN:
SF:controller\authController.js
FN:4,Object.<anonymous>.exports.getAllUsers
FN:15,Object.<anonymous>.exports.addUser
FNF:2
FNH:1
FNDA:0,Object.<anonymous>.exports.getAllUsers
FNDA:100,Object.<anonymous>.exports.addUser
DA:1,1
DA:2,1
DA:3,1
DA:4,1
DA:5,0
DA:6,0
DA:7,0
DA:8,0
DA:9,0
DA:10,0
DA:11,0
DA:12,0
DA:13,0
DA:14,1
DA:15,1
DA:16,100
DA:17,100
DA:18,100
DA:19,0
DA:20,0
DA:21,100
DA:22,100
DA:23,100
DA:24,100
DA:25,100
DA:26,100
DA:27,100
DA:28,100
DA:29,0
DA:30,0
DA:31,100
DA:32,100
DA:33,100
DA:34,100
DA:35,100
DA:36,100
DA:37,100
DA:38,100
DA:39,100
DA:40,0
DA:41,0
DA:42,0
DA:43,100
LF:43
LH:27
BRDA:15,0,0,100
BRDA:18,1,0,0
BRDA:28,2,0,0
BRDA:39,3,0,0
BRF:4
BRH:1
end_of_record
TN:
SF:controller\gameDataController.js
FN:4,Object.<anonymous>.exports.getAllGameData
FN:15,Object.<anonymous>.exports.addGameData
FN:36,Object.<anonymous>.exports.updateGameData
FN:61,Object.<anonymous>.exports.deleteGameData
FNF:4
FNH:0
FNDA:0,Object.<anonymous>.exports.getAllGameData
FNDA:0,Object.<anonymous>.exports.addGameData
FNDA:0,Object.<anonymous>.exports.updateGameData
FNDA:0,Object.<anonymous>.exports.deleteGameData
DA:1,1
DA:2,1
DA:3,1
DA:4,1
DA:5,0
DA:6,0
DA:7,0
DA:8,0
DA:9,0
DA:10,0
DA:11,0
DA:12,0
DA:13,0
DA:14,1
DA:15,1
DA:16,0
DA:17,0
DA:18,0
DA:19,0
DA:20,0
DA:21,0
DA:22,0
DA:23,0
DA:24,0
DA:25,0
DA:26,0
DA:27,0
DA:28,0
DA:29,0
DA:30,0
DA:31,0
DA:32,0
DA:33,0
DA:34,0
DA:35,1
DA:36,1
DA:37,0
DA:38,0
DA:39,0
DA:40,0
DA:41,0
DA:42,0
DA:43,0
DA:44,0
DA:45,0
DA:46,0
DA:47,0
DA:48,0
DA:49,0
DA:50,0
DA:51,0
DA:52,0
DA:53,0
DA:54,0
DA:55,0
DA:56,0
DA:57,0
DA:58,0
DA:59,0
DA:60,1
DA:61,1
DA:62,0
DA:63,0
DA:64,0
DA:65,0
DA:66,0
DA:67,0
DA:68,0
DA:69,0
DA:70,0
DA:71,0
DA:72,0
DA:73,0
DA:74,0
DA:75,0
DA:76,0
DA:77,0
DA:78,0
DA:79,0
DA:80,0
DA:81,0
DA:82,0
DA:83,0
LF:83
LH:10
BRF:0
BRH:0
end_of_record
TN:
SF:models\GameData.js
FN:2,GameData
FN:9,get id
FN:13,set id
FN:17,get name
FN:21,set name
FN:25,get description
FN:29,set description
FN:33,get groupId
FN:37,set groupId
FN:41,toString
FN:45,fromDatabaseRow
FNF:11
FNH:0
FNDA:0,GameData
FNDA:0,get id
FNDA:0,set id
FNDA:0,get name
FNDA:0,set name
FNDA:0,get description
FNDA:0,set description
FNDA:0,get groupId
FNDA:0,set groupId
FNDA:0,toString
FNDA:0,fromDatabaseRow
DA:1,1
DA:2,1
DA:3,0
DA:4,0
DA:5,0
DA:6,0
DA:7,0
DA:8,1
DA:9,1
DA:10,0
DA:11,0
DA:12,1
DA:13,1
DA:14,0
DA:15,0
DA:16,1
DA:17,1
DA:18,0
DA:19,0
DA:20,1
DA:21,1
DA:22,0
DA:23,0
DA:24,1
DA:25,1
DA:26,0
DA:27,0
DA:28,1
DA:29,1
DA:30,0
DA:31,0
DA:32,1
DA:33,1
DA:34,0
DA:35,0
DA:36,1
DA:37,1
DA:38,0
DA:39,0
DA:40,1
DA:41,1
DA:42,0
DA:43,0
DA:44,1
DA:45,1
DA:46,0
DA:47,0
DA:48,1
DA:49,1
DA:50,1
LF:50
LH:25
BRF:0
BRH:0
end_of_record
TN:
SF:models\User.js
FN:2,User
FN:8,get username
FN:12,set username
FN:16,get password
FN:20,set password
FN:24,get groupId
FN:28,set groupId
FN:32,checkPassword
FN:36,toString
FN:40,fromDatabaseRow
FNF:10
FNH:2
FNDA:100,User
FNDA:0,get username
FNDA:0,set username
FNDA:0,get password
FNDA:0,set password
FNDA:0,get groupId
FNDA:0,set groupId
FNDA:0,checkPassword
FNDA:0,toString
FNDA:100,fromDatabaseRow
DA:1,1
DA:2,1
DA:3,100
DA:4,100
DA:5,100
DA:6,100
DA:7,1
DA:8,1
DA:9,0
DA:10,0
DA:11,1
DA:12,1
DA:13,0
DA:14,0
DA:15,1
DA:16,1
DA:17,0
DA:18,0
DA:19,1
DA:20,1
DA:21,0
DA:22,0
DA:23,1
DA:24,1
DA:25,0
DA:26,0
DA:27,1
DA:28,1
DA:29,0
DA:30,0
DA:31,1
DA:32,1
DA:33,0
DA:34,0
DA:35,1
DA:36,1
DA:37,0
DA:38,0
DA:39,1
DA:40,1
DA:41,100
DA:42,100
DA:43,1
DA:44,1
DA:45,1
LF:45
LH:29
BRDA:2,0,0,100
BRDA:40,1,0,100
BRF:2
BRH:2
end_of_record
TN:
SF:routes\authRoutes.js
FNF:0
FNH:0
DA:1,1
DA:2,1
DA:3,1
DA:4,1
DA:5,1
DA:6,1
DA:7,1
DA:8,1
DA:9,1
LF:9
LH:9
BRF:0
BRH:0
end_of_record
TN:
SF:routes\gameDataRoutes.js
FNF:0
FNH:0
DA:1,1
DA:2,1
DA:3,1
DA:4,1
DA:5,1
DA:6,1
DA:7,1
DA:8,1
DA:9,1
DA:10,1
LF:10
LH:10
BRF:0
BRH:0
end_of_record
